<?xml version="1.0" encoding="UTF-8"?>
<!-- Generated by org.testng.reporters.JUnitReportReporter -->
<testsuite hostname="LCE36360" failures="0" tests="1" name="tests.FailedLoginTests" time="13.666" errors="0" timestamp="2022-02-17T11:32:33 CET" skipped="0">
  <testcase classname="tests.FailedLoginTests" name="asUserTryToLogInWithIncorrectLoginAndPassword" time="13.666"/>
  <system-out/>
</testsuite> <!-- tests.FailedLoginTests -->
